<?xml version="1.0" encoding="UTF-8"?>
<testsuite name="AppTest" tests="2" skipped="0" failures="0" errors="0" timestamp="2016-04-26T21:29:18" hostname="epicodus-38.local" time="0.379">
  <properties/>
  <testcase name="rootTest" classname="AppTest" time="0.298"/>
  <testcase name="nameTest" classname="AppTest" time="0.069"/>
  <system-out><![CDATA[]]></system-out>
  <system-err><![CDATA[[Thread-5] INFO org.eclipse.jetty.util.log - Logging initialized @536ms
[Thread-5] INFO spark.webserver.JettySparkServer - == Spark has ignited ...
[Thread-5] INFO spark.webserver.JettySparkServer - >> Listening on 0.0.0.0:4567
[Thread-5] INFO org.eclipse.jetty.server.Server - jetty-9.3.2.v20150730
[Thread-5] INFO org.eclipse.jetty.server.ServerConnector - Started ServerConnector@77d9b1db{HTTP/1.1,[http/1.1]}{0.0.0.0:4567}
[Thread-5] INFO org.eclipse.jetty.server.Server - Started @640ms
[Test worker] INFO spark.webserver.JettySparkServer - >>> Spark shutting down ...
[Test worker] INFO org.eclipse.jetty.server.ServerConnector - Stopped ServerConnector@77d9b1db{HTTP/1.1,[http/1.1]}{0.0.0.0:4567}
[Test worker] INFO spark.webserver.JettySparkServer - done
]]></system-err>
</testsuite>
