<?xml version="1.0" encoding="UTF-8"?>
<testsuite name="TamagotchiTest" tests="2" skipped="0" failures="0" errors="0" timestamp="2016-04-26T21:29:19" hostname="epicodus-38.local" time="0.002">
  <properties/>
  <testcase name="tamagotchi_instantiatesCorrectly" classname="TamagotchiTest" time="0.001"/>
  <testcase name="timePasses_foodDecreasesByOne_9" classname="TamagotchiTest" time="0.001"/>
  <system-out><![CDATA[]]></system-out>
  <system-err><![CDATA[]]></system-err>
</testsuite>
